ARM GAS  /var/folders/pn/6vkv57yd1x9dxx59v7t3_slc0000gn/T//ccHD5Qz9.s 			page 1


   1              		.cpu cortex-m4
   2              		.arch armv7e-m
   3              		.fpu fpv4-sp-d16
   4              		.eabi_attribute 27, 1
   5              		.eabi_attribute 28, 1
   6              		.eabi_attribute 20, 1
   7              		.eabi_attribute 21, 1
   8              		.eabi_attribute 23, 3
   9              		.eabi_attribute 24, 1
  10              		.eabi_attribute 25, 1
  11              		.eabi_attribute 26, 1
  12              		.eabi_attribute 30, 1
  13              		.eabi_attribute 34, 1
  14              		.eabi_attribute 18, 4
  15              		.file	"stm32f4xx_it.c"
  16              		.text
  17              	.Ltext0:
  18              		.cfi_sections	.debug_frame
  19              		.file 1 "Core/Src/stm32f4xx_it.c"
  20              		.section	.text.NMI_Handler,"ax",%progbits
  21              		.align	1
  22              		.global	NMI_Handler
  23              		.syntax unified
  24              		.thumb
  25              		.thumb_func
  27              	NMI_Handler:
  28              	.LFB134:
   1:Core/Src/stm32f4xx_it.c **** /* USER CODE BEGIN Header */
   2:Core/Src/stm32f4xx_it.c **** /**
   3:Core/Src/stm32f4xx_it.c ****   ******************************************************************************
   4:Core/Src/stm32f4xx_it.c ****   * @file    stm32f4xx_it.c
   5:Core/Src/stm32f4xx_it.c ****   * @brief   Interrupt Service Routines.
   6:Core/Src/stm32f4xx_it.c ****   ******************************************************************************
   7:Core/Src/stm32f4xx_it.c ****   * @attention
   8:Core/Src/stm32f4xx_it.c ****   *
   9:Core/Src/stm32f4xx_it.c ****   * Copyright (c) 2026 STMicroelectronics.
  10:Core/Src/stm32f4xx_it.c ****   * All rights reserved.
  11:Core/Src/stm32f4xx_it.c ****   *
  12:Core/Src/stm32f4xx_it.c ****   * This software is licensed under terms that can be found in the LICENSE file
  13:Core/Src/stm32f4xx_it.c ****   * in the root directory of this software component.
  14:Core/Src/stm32f4xx_it.c ****   * If no LICENSE file comes with this software, it is provided AS-IS.
  15:Core/Src/stm32f4xx_it.c ****   *
  16:Core/Src/stm32f4xx_it.c ****   ******************************************************************************
  17:Core/Src/stm32f4xx_it.c ****   */
  18:Core/Src/stm32f4xx_it.c **** /* USER CODE END Header */
  19:Core/Src/stm32f4xx_it.c **** 
  20:Core/Src/stm32f4xx_it.c **** /* Includes ------------------------------------------------------------------*/
  21:Core/Src/stm32f4xx_it.c **** #include "main.h"
  22:Core/Src/stm32f4xx_it.c **** #include "stm32f4xx_it.h"
  23:Core/Src/stm32f4xx_it.c **** #include "stm32f4xx.h"
  24:Core/Src/stm32f4xx_it.c **** /* Private includes ----------------------------------------------------------*/
  25:Core/Src/stm32f4xx_it.c **** /* USER CODE BEGIN Includes */
  26:Core/Src/stm32f4xx_it.c **** /* USER CODE END Includes */
  27:Core/Src/stm32f4xx_it.c **** 
  28:Core/Src/stm32f4xx_it.c **** /* Private typedef -----------------------------------------------------------*/
  29:Core/Src/stm32f4xx_it.c **** /* USER CODE BEGIN TD */
  30:Core/Src/stm32f4xx_it.c **** 
ARM GAS  /var/folders/pn/6vkv57yd1x9dxx59v7t3_slc0000gn/T//ccHD5Qz9.s 			page 2


  31:Core/Src/stm32f4xx_it.c **** /* USER CODE END TD */
  32:Core/Src/stm32f4xx_it.c **** 
  33:Core/Src/stm32f4xx_it.c **** /* Private define ------------------------------------------------------------*/
  34:Core/Src/stm32f4xx_it.c **** /* USER CODE BEGIN PD */
  35:Core/Src/stm32f4xx_it.c **** 
  36:Core/Src/stm32f4xx_it.c **** /* USER CODE END PD */
  37:Core/Src/stm32f4xx_it.c **** 
  38:Core/Src/stm32f4xx_it.c **** /* Private macro -------------------------------------------------------------*/
  39:Core/Src/stm32f4xx_it.c **** /* USER CODE BEGIN PM */
  40:Core/Src/stm32f4xx_it.c **** 
  41:Core/Src/stm32f4xx_it.c **** /* USER CODE END PM */
  42:Core/Src/stm32f4xx_it.c **** 
  43:Core/Src/stm32f4xx_it.c **** /* Private variables ---------------------------------------------------------*/
  44:Core/Src/stm32f4xx_it.c **** /* USER CODE BEGIN PV */
  45:Core/Src/stm32f4xx_it.c **** 
  46:Core/Src/stm32f4xx_it.c **** /* USER CODE END PV */
  47:Core/Src/stm32f4xx_it.c **** 
  48:Core/Src/stm32f4xx_it.c **** /* Private function prototypes -----------------------------------------------*/
  49:Core/Src/stm32f4xx_it.c **** /* USER CODE BEGIN PFP */
  50:Core/Src/stm32f4xx_it.c **** 
  51:Core/Src/stm32f4xx_it.c **** /* USER CODE END PFP */
  52:Core/Src/stm32f4xx_it.c **** 
  53:Core/Src/stm32f4xx_it.c **** /* Private user code ---------------------------------------------------------*/
  54:Core/Src/stm32f4xx_it.c **** /* USER CODE BEGIN 0 */
  55:Core/Src/stm32f4xx_it.c **** 
  56:Core/Src/stm32f4xx_it.c **** /* USER CODE END 0 */
  57:Core/Src/stm32f4xx_it.c **** 
  58:Core/Src/stm32f4xx_it.c **** /* External variables --------------------------------------------------------*/
  59:Core/Src/stm32f4xx_it.c **** extern TIM_HandleTypeDef htim6;
  60:Core/Src/stm32f4xx_it.c **** 
  61:Core/Src/stm32f4xx_it.c **** /* USER CODE BEGIN EV */
  62:Core/Src/stm32f4xx_it.c **** 
  63:Core/Src/stm32f4xx_it.c **** /* USER CODE END EV */
  64:Core/Src/stm32f4xx_it.c **** 
  65:Core/Src/stm32f4xx_it.c **** /******************************************************************************/
  66:Core/Src/stm32f4xx_it.c **** /*           Cortex-M4 Processor Interruption and Exception Handlers          */
  67:Core/Src/stm32f4xx_it.c **** /******************************************************************************/
  68:Core/Src/stm32f4xx_it.c **** /**
  69:Core/Src/stm32f4xx_it.c ****   * @brief This function handles Non maskable interrupt.
  70:Core/Src/stm32f4xx_it.c ****   */
  71:Core/Src/stm32f4xx_it.c **** void NMI_Handler(void)
  72:Core/Src/stm32f4xx_it.c **** {
  29              		.loc 1 72 1 view -0
  30              		.cfi_startproc
  31              		@ Volatile: function does not return.
  32              		@ args = 0, pretend = 0, frame = 0
  33              		@ frame_needed = 0, uses_anonymous_args = 0
  34              		@ link register save eliminated.
  35              	.L2:
  73:Core/Src/stm32f4xx_it.c ****   /* USER CODE BEGIN NonMaskableInt_IRQn 0 */
  74:Core/Src/stm32f4xx_it.c **** 
  75:Core/Src/stm32f4xx_it.c ****   /* USER CODE END NonMaskableInt_IRQn 0 */
  76:Core/Src/stm32f4xx_it.c ****   /* USER CODE BEGIN NonMaskableInt_IRQn 1 */
  77:Core/Src/stm32f4xx_it.c ****    while (1)
  36              		.loc 1 77 4 view .LVU1
  78:Core/Src/stm32f4xx_it.c ****   {
  79:Core/Src/stm32f4xx_it.c ****   }
ARM GAS  /var/folders/pn/6vkv57yd1x9dxx59v7t3_slc0000gn/T//ccHD5Qz9.s 			page 3


  37              		.loc 1 79 3 view .LVU2
  77:Core/Src/stm32f4xx_it.c ****   {
  38              		.loc 1 77 10 view .LVU3
  39 0000 FEE7     		b	.L2
  40              		.cfi_endproc
  41              	.LFE134:
  43              		.section	.text.HardFault_Handler,"ax",%progbits
  44              		.align	1
  45              		.global	HardFault_Handler
  46              		.syntax unified
  47              		.thumb
  48              		.thumb_func
  50              	HardFault_Handler:
  51              	.LFB135:
  80:Core/Src/stm32f4xx_it.c ****   /* USER CODE END NonMaskableInt_IRQn 1 */
  81:Core/Src/stm32f4xx_it.c **** }
  82:Core/Src/stm32f4xx_it.c **** 
  83:Core/Src/stm32f4xx_it.c **** /**
  84:Core/Src/stm32f4xx_it.c ****   * @brief This function handles Hard fault interrupt.
  85:Core/Src/stm32f4xx_it.c ****   */
  86:Core/Src/stm32f4xx_it.c **** void HardFault_Handler(void)
  87:Core/Src/stm32f4xx_it.c **** {
  52              		.loc 1 87 1 view -0
  53              		.cfi_startproc
  54              		@ Volatile: function does not return.
  55              		@ args = 0, pretend = 0, frame = 0
  56              		@ frame_needed = 0, uses_anonymous_args = 0
  57              		@ link register save eliminated.
  58              	.L4:
  88:Core/Src/stm32f4xx_it.c ****   /* USER CODE BEGIN HardFault_IRQn 0 */
  89:Core/Src/stm32f4xx_it.c **** 
  90:Core/Src/stm32f4xx_it.c ****   /* USER CODE END HardFault_IRQn 0 */
  91:Core/Src/stm32f4xx_it.c ****   while (1)
  59              		.loc 1 91 3 view .LVU5
  92:Core/Src/stm32f4xx_it.c ****   {
  93:Core/Src/stm32f4xx_it.c ****     /* USER CODE BEGIN W1_HardFault_IRQn 0 */
  94:Core/Src/stm32f4xx_it.c ****     /* USER CODE END W1_HardFault_IRQn 0 */
  95:Core/Src/stm32f4xx_it.c ****   }
  60              		.loc 1 95 3 view .LVU6
  91:Core/Src/stm32f4xx_it.c ****   {
  61              		.loc 1 91 9 view .LVU7
  62 0000 FEE7     		b	.L4
  63              		.cfi_endproc
  64              	.LFE135:
  66              		.section	.text.MemManage_Handler,"ax",%progbits
  67              		.align	1
  68              		.global	MemManage_Handler
  69              		.syntax unified
  70              		.thumb
  71              		.thumb_func
  73              	MemManage_Handler:
  74              	.LFB136:
  96:Core/Src/stm32f4xx_it.c **** }
  97:Core/Src/stm32f4xx_it.c **** 
  98:Core/Src/stm32f4xx_it.c **** /**
  99:Core/Src/stm32f4xx_it.c ****   * @brief This function handles Memory management fault.
 100:Core/Src/stm32f4xx_it.c ****   */
ARM GAS  /var/folders/pn/6vkv57yd1x9dxx59v7t3_slc0000gn/T//ccHD5Qz9.s 			page 4


 101:Core/Src/stm32f4xx_it.c **** void MemManage_Handler(void)
 102:Core/Src/stm32f4xx_it.c **** {
  75              		.loc 1 102 1 view -0
  76              		.cfi_startproc
  77              		@ Volatile: function does not return.
  78              		@ args = 0, pretend = 0, frame = 0
  79              		@ frame_needed = 0, uses_anonymous_args = 0
  80              		@ link register save eliminated.
  81              	.L6:
 103:Core/Src/stm32f4xx_it.c ****   /* USER CODE BEGIN MemoryManagement_IRQn 0 */
 104:Core/Src/stm32f4xx_it.c **** 
 105:Core/Src/stm32f4xx_it.c ****   /* USER CODE END MemoryManagement_IRQn 0 */
 106:Core/Src/stm32f4xx_it.c ****   while (1)
  82              		.loc 1 106 3 view .LVU9
 107:Core/Src/stm32f4xx_it.c ****   {
 108:Core/Src/stm32f4xx_it.c ****     /* USER CODE BEGIN W1_MemoryManagement_IRQn 0 */
 109:Core/Src/stm32f4xx_it.c ****     /* USER CODE END W1_MemoryManagement_IRQn 0 */
 110:Core/Src/stm32f4xx_it.c ****   }
  83              		.loc 1 110 3 view .LVU10
 106:Core/Src/stm32f4xx_it.c ****   {
  84              		.loc 1 106 9 view .LVU11
  85 0000 FEE7     		b	.L6
  86              		.cfi_endproc
  87              	.LFE136:
  89              		.section	.text.BusFault_Handler,"ax",%progbits
  90              		.align	1
  91              		.global	BusFault_Handler
  92              		.syntax unified
  93              		.thumb
  94              		.thumb_func
  96              	BusFault_Handler:
  97              	.LFB137:
 111:Core/Src/stm32f4xx_it.c **** }
 112:Core/Src/stm32f4xx_it.c **** 
 113:Core/Src/stm32f4xx_it.c **** /**
 114:Core/Src/stm32f4xx_it.c ****   * @brief This function handles Pre-fetch fault, memory access fault.
 115:Core/Src/stm32f4xx_it.c ****   */
 116:Core/Src/stm32f4xx_it.c **** void BusFault_Handler(void)
 117:Core/Src/stm32f4xx_it.c **** {
  98              		.loc 1 117 1 view -0
  99              		.cfi_startproc
 100              		@ Volatile: function does not return.
 101              		@ args = 0, pretend = 0, frame = 0
 102              		@ frame_needed = 0, uses_anonymous_args = 0
 103              		@ link register save eliminated.
 104              	.L8:
 118:Core/Src/stm32f4xx_it.c ****   /* USER CODE BEGIN BusFault_IRQn 0 */
 119:Core/Src/stm32f4xx_it.c **** 
 120:Core/Src/stm32f4xx_it.c ****   /* USER CODE END BusFault_IRQn 0 */
 121:Core/Src/stm32f4xx_it.c ****   while (1)
 105              		.loc 1 121 3 view .LVU13
 122:Core/Src/stm32f4xx_it.c ****   {
 123:Core/Src/stm32f4xx_it.c ****     /* USER CODE BEGIN W1_BusFault_IRQn 0 */
 124:Core/Src/stm32f4xx_it.c ****     /* USER CODE END W1_BusFault_IRQn 0 */
 125:Core/Src/stm32f4xx_it.c ****   }
 106              		.loc 1 125 3 view .LVU14
 121:Core/Src/stm32f4xx_it.c ****   {
ARM GAS  /var/folders/pn/6vkv57yd1x9dxx59v7t3_slc0000gn/T//ccHD5Qz9.s 			page 5


 107              		.loc 1 121 9 view .LVU15
 108 0000 FEE7     		b	.L8
 109              		.cfi_endproc
 110              	.LFE137:
 112              		.section	.text.UsageFault_Handler,"ax",%progbits
 113              		.align	1
 114              		.global	UsageFault_Handler
 115              		.syntax unified
 116              		.thumb
 117              		.thumb_func
 119              	UsageFault_Handler:
 120              	.LFB138:
 126:Core/Src/stm32f4xx_it.c **** }
 127:Core/Src/stm32f4xx_it.c **** 
 128:Core/Src/stm32f4xx_it.c **** /**
 129:Core/Src/stm32f4xx_it.c ****   * @brief This function handles Undefined instruction or illegal state.
 130:Core/Src/stm32f4xx_it.c ****   */
 131:Core/Src/stm32f4xx_it.c **** void UsageFault_Handler(void)
 132:Core/Src/stm32f4xx_it.c **** {
 121              		.loc 1 132 1 view -0
 122              		.cfi_startproc
 123              		@ Volatile: function does not return.
 124              		@ args = 0, pretend = 0, frame = 0
 125              		@ frame_needed = 0, uses_anonymous_args = 0
 126              		@ link register save eliminated.
 127              	.L10:
 133:Core/Src/stm32f4xx_it.c ****   /* USER CODE BEGIN UsageFault_IRQn 0 */
 134:Core/Src/stm32f4xx_it.c **** 
 135:Core/Src/stm32f4xx_it.c ****   /* USER CODE END UsageFault_IRQn 0 */
 136:Core/Src/stm32f4xx_it.c ****   while (1)
 128              		.loc 1 136 3 view .LVU17
 137:Core/Src/stm32f4xx_it.c ****   {
 138:Core/Src/stm32f4xx_it.c ****     /* USER CODE BEGIN W1_UsageFault_IRQn 0 */
 139:Core/Src/stm32f4xx_it.c ****     /* USER CODE END W1_UsageFault_IRQn 0 */
 140:Core/Src/stm32f4xx_it.c ****   }
 129              		.loc 1 140 3 view .LVU18
 136:Core/Src/stm32f4xx_it.c ****   {
 130              		.loc 1 136 9 view .LVU19
 131 0000 FEE7     		b	.L10
 132              		.cfi_endproc
 133              	.LFE138:
 135              		.section	.text.DebugMon_Handler,"ax",%progbits
 136              		.align	1
 137              		.global	DebugMon_Handler
 138              		.syntax unified
 139              		.thumb
 140              		.thumb_func
 142              	DebugMon_Handler:
 143              	.LFB139:
 141:Core/Src/stm32f4xx_it.c **** }
 142:Core/Src/stm32f4xx_it.c **** 
 143:Core/Src/stm32f4xx_it.c **** /**
 144:Core/Src/stm32f4xx_it.c ****   * @brief This function handles Debug monitor.
 145:Core/Src/stm32f4xx_it.c ****   */
 146:Core/Src/stm32f4xx_it.c **** void DebugMon_Handler(void)
 147:Core/Src/stm32f4xx_it.c **** {
 144              		.loc 1 147 1 view -0
ARM GAS  /var/folders/pn/6vkv57yd1x9dxx59v7t3_slc0000gn/T//ccHD5Qz9.s 			page 6


 145              		.cfi_startproc
 146              		@ args = 0, pretend = 0, frame = 0
 147              		@ frame_needed = 0, uses_anonymous_args = 0
 148              		@ link register save eliminated.
 148:Core/Src/stm32f4xx_it.c ****   /* USER CODE BEGIN DebugMonitor_IRQn 0 */
 149:Core/Src/stm32f4xx_it.c **** 
 150:Core/Src/stm32f4xx_it.c ****   /* USER CODE END DebugMonitor_IRQn 0 */
 151:Core/Src/stm32f4xx_it.c ****   /* USER CODE BEGIN DebugMonitor_IRQn 1 */
 152:Core/Src/stm32f4xx_it.c **** 
 153:Core/Src/stm32f4xx_it.c ****   /* USER CODE END DebugMonitor_IRQn 1 */
 154:Core/Src/stm32f4xx_it.c **** }
 149              		.loc 1 154 1 view .LVU21
 150 0000 7047     		bx	lr
 151              		.cfi_endproc
 152              	.LFE139:
 154              		.section	.text.EXTI4_IRQHandler,"ax",%progbits
 155              		.align	1
 156              		.global	EXTI4_IRQHandler
 157              		.syntax unified
 158              		.thumb
 159              		.thumb_func
 161              	EXTI4_IRQHandler:
 162              	.LFB140:
 155:Core/Src/stm32f4xx_it.c **** void EXTI4_IRQHandler(void)
 156:Core/Src/stm32f4xx_it.c **** {
 163              		.loc 1 156 1 view -0
 164              		.cfi_startproc
 165              		@ args = 0, pretend = 0, frame = 8
 166              		@ frame_needed = 0, uses_anonymous_args = 0
 167              		@ link register save eliminated.
 157:Core/Src/stm32f4xx_it.c ****     if (EXTI->PR & EXTI_PR_PR4)
 168              		.loc 1 157 5 view .LVU23
 169              		.loc 1 157 13 is_stmt 0 view .LVU24
 170 0000 134B     		ldr	r3, .L20
 171 0002 5B69     		ldr	r3, [r3, #20]
 172              		.loc 1 157 8 view .LVU25
 173 0004 13F0100F 		tst	r3, #16
 174 0008 20D0     		beq	.L17
 156:Core/Src/stm32f4xx_it.c ****     if (EXTI->PR & EXTI_PR_PR4)
 175              		.loc 1 156 1 view .LVU26
 176 000a 82B0     		sub	sp, sp, #8
 177              	.LCFI0:
 178              		.cfi_def_cfa_offset 8
 158:Core/Src/stm32f4xx_it.c ****     {
 159:Core/Src/stm32f4xx_it.c ****         /* Clear interrupt flag */
 160:Core/Src/stm32f4xx_it.c ****         EXTI->PR = EXTI_PR_PR4;
 179              		.loc 1 160 9 is_stmt 1 view .LVU27
 180              		.loc 1 160 18 is_stmt 0 view .LVU28
 181 000c 104B     		ldr	r3, .L20
 182 000e 1022     		movs	r2, #16
 183 0010 5A61     		str	r2, [r3, #20]
 161:Core/Src/stm32f4xx_it.c **** 
 162:Core/Src/stm32f4xx_it.c ****         /* LEDs ON */
 163:Core/Src/stm32f4xx_it.c ****         GPIOB->BSRR = GPIO_BSRR_BS0 |
 184              		.loc 1 163 9 is_stmt 1 view .LVU29
 185              		.loc 1 163 21 is_stmt 0 view .LVU30
 186 0012 03F54843 		add	r3, r3, #51200
ARM GAS  /var/folders/pn/6vkv57yd1x9dxx59v7t3_slc0000gn/T//ccHD5Qz9.s 			page 7


 187 0016 44F28102 		movw	r2, #16513
 188 001a 9A61     		str	r2, [r3, #24]
 164:Core/Src/stm32f4xx_it.c ****                       GPIO_BSRR_BS7 |
 165:Core/Src/stm32f4xx_it.c ****                       GPIO_BSRR_BS14;
 166:Core/Src/stm32f4xx_it.c **** 
 167:Core/Src/stm32f4xx_it.c ****         /* PA3 HIGH: send to Board1 PA15 */
 168:Core/Src/stm32f4xx_it.c ****         GPIOA->BSRR = GPIO_BSRR_BS3;
 189              		.loc 1 168 9 is_stmt 1 view .LVU31
 190              		.loc 1 168 21 is_stmt 0 view .LVU32
 191 001c A3F58063 		sub	r3, r3, #1024
 192 0020 0822     		movs	r2, #8
 193 0022 9A61     		str	r2, [r3, #24]
 169:Core/Src/stm32f4xx_it.c **** 
 170:Core/Src/stm32f4xx_it.c ****         for (volatile int i = 0; i < 500; i++);
 194              		.loc 1 170 9 is_stmt 1 view .LVU33
 195              	.LBB2:
 196              		.loc 1 170 14 view .LVU34
 197              		.loc 1 170 27 is_stmt 0 view .LVU35
 198 0024 0023     		movs	r3, #0
 199 0026 0193     		str	r3, [sp, #4]
 200              		.loc 1 170 9 view .LVU36
 201 0028 02E0     		b	.L14
 202              	.L15:
 203              		.loc 1 170 44 is_stmt 1 discriminator 3 view .LVU37
 204 002a 019B     		ldr	r3, [sp, #4]
 205 002c 0133     		adds	r3, r3, #1
 206 002e 0193     		str	r3, [sp, #4]
 207              	.L14:
 208              		.loc 1 170 36 discriminator 1 view .LVU38
 209 0030 019B     		ldr	r3, [sp, #4]
 210 0032 B3F5FA7F 		cmp	r3, #500
 211 0036 F8DB     		blt	.L15
 212              	.LBE2:
 171:Core/Src/stm32f4xx_it.c **** 
 172:Core/Src/stm32f4xx_it.c ****         /* PA3 LOW */
 173:Core/Src/stm32f4xx_it.c ****         GPIOA->BSRR = GPIO_BSRR_BR3;
 213              		.loc 1 173 9 view .LVU39
 214              		.loc 1 173 21 is_stmt 0 view .LVU40
 215 0038 064B     		ldr	r3, .L20+4
 216 003a 4FF40022 		mov	r2, #524288
 217 003e 9A61     		str	r2, [r3, #24]
 174:Core/Src/stm32f4xx_it.c **** 
 175:Core/Src/stm32f4xx_it.c ****         /* LEDs OFF */
 176:Core/Src/stm32f4xx_it.c ****         GPIOB->BSRR = GPIO_BSRR_BR0 |
 218              		.loc 1 176 9 is_stmt 1 view .LVU41
 219              		.loc 1 176 21 is_stmt 0 view .LVU42
 220 0040 03F58063 		add	r3, r3, #1024
 221 0044 044A     		ldr	r2, .L20+8
 222 0046 9A61     		str	r2, [r3, #24]
 177:Core/Src/stm32f4xx_it.c ****                       GPIO_BSRR_BR7 |
 178:Core/Src/stm32f4xx_it.c ****                       GPIO_BSRR_BR14;
 179:Core/Src/stm32f4xx_it.c ****     }
 180:Core/Src/stm32f4xx_it.c **** }
 223              		.loc 1 180 1 view .LVU43
 224 0048 02B0     		add	sp, sp, #8
 225              	.LCFI1:
 226              		.cfi_def_cfa_offset 0
ARM GAS  /var/folders/pn/6vkv57yd1x9dxx59v7t3_slc0000gn/T//ccHD5Qz9.s 			page 8


 227              		@ sp needed
 228 004a 7047     		bx	lr
 229              	.L17:
 230 004c 7047     		bx	lr
 231              	.L21:
 232 004e 00BF     		.align	2
 233              	.L20:
 234 0050 003C0140 		.word	1073822720
 235 0054 00000240 		.word	1073872896
 236 0058 00008140 		.word	1082195968
 237              		.cfi_endproc
 238              	.LFE140:
 240              		.text
 241              	.Letext0:
 242              		.file 2 "/Applications/ArmGNUToolchain/15.2.rel1/arm-none-eabi/arm-none-eabi/include/machine/_defa
 243              		.file 3 "/Applications/ArmGNUToolchain/15.2.rel1/arm-none-eabi/arm-none-eabi/include/sys/_stdint.h
 244              		.file 4 "Drivers/CMSIS/Device/ST/STM32F4xx/Include/stm32f439xx.h"
ARM GAS  /var/folders/pn/6vkv57yd1x9dxx59v7t3_slc0000gn/T//ccHD5Qz9.s 			page 9


DEFINED SYMBOLS
                            *ABS*:00000000 stm32f4xx_it.c
/var/folders/pn/6vkv57yd1x9dxx59v7t3_slc0000gn/T//ccHD5Qz9.s:21     .text.NMI_Handler:00000000 $t
/var/folders/pn/6vkv57yd1x9dxx59v7t3_slc0000gn/T//ccHD5Qz9.s:27     .text.NMI_Handler:00000000 NMI_Handler
/var/folders/pn/6vkv57yd1x9dxx59v7t3_slc0000gn/T//ccHD5Qz9.s:44     .text.HardFault_Handler:00000000 $t
/var/folders/pn/6vkv57yd1x9dxx59v7t3_slc0000gn/T//ccHD5Qz9.s:50     .text.HardFault_Handler:00000000 HardFault_Handler
/var/folders/pn/6vkv57yd1x9dxx59v7t3_slc0000gn/T//ccHD5Qz9.s:67     .text.MemManage_Handler:00000000 $t
/var/folders/pn/6vkv57yd1x9dxx59v7t3_slc0000gn/T//ccHD5Qz9.s:73     .text.MemManage_Handler:00000000 MemManage_Handler
/var/folders/pn/6vkv57yd1x9dxx59v7t3_slc0000gn/T//ccHD5Qz9.s:90     .text.BusFault_Handler:00000000 $t
/var/folders/pn/6vkv57yd1x9dxx59v7t3_slc0000gn/T//ccHD5Qz9.s:96     .text.BusFault_Handler:00000000 BusFault_Handler
/var/folders/pn/6vkv57yd1x9dxx59v7t3_slc0000gn/T//ccHD5Qz9.s:113    .text.UsageFault_Handler:00000000 $t
/var/folders/pn/6vkv57yd1x9dxx59v7t3_slc0000gn/T//ccHD5Qz9.s:119    .text.UsageFault_Handler:00000000 UsageFault_Handler
/var/folders/pn/6vkv57yd1x9dxx59v7t3_slc0000gn/T//ccHD5Qz9.s:136    .text.DebugMon_Handler:00000000 $t
/var/folders/pn/6vkv57yd1x9dxx59v7t3_slc0000gn/T//ccHD5Qz9.s:142    .text.DebugMon_Handler:00000000 DebugMon_Handler
/var/folders/pn/6vkv57yd1x9dxx59v7t3_slc0000gn/T//ccHD5Qz9.s:155    .text.EXTI4_IRQHandler:00000000 $t
/var/folders/pn/6vkv57yd1x9dxx59v7t3_slc0000gn/T//ccHD5Qz9.s:161    .text.EXTI4_IRQHandler:00000000 EXTI4_IRQHandler
/var/folders/pn/6vkv57yd1x9dxx59v7t3_slc0000gn/T//ccHD5Qz9.s:234    .text.EXTI4_IRQHandler:00000050 $d

NO UNDEFINED SYMBOLS
