ARM GAS  /var/folders/pn/6vkv57yd1x9dxx59v7t3_slc0000gn/T//ccoBoo3n.s 			page 1


   1              		.cpu cortex-m4
   2              		.arch armv7e-m
   3              		.fpu fpv4-sp-d16
   4              		.eabi_attribute 27, 1
   5              		.eabi_attribute 28, 1
   6              		.eabi_attribute 20, 1
   7              		.eabi_attribute 21, 1
   8              		.eabi_attribute 23, 3
   9              		.eabi_attribute 24, 1
  10              		.eabi_attribute 25, 1
  11              		.eabi_attribute 26, 1
  12              		.eabi_attribute 30, 1
  13              		.eabi_attribute 34, 1
  14              		.eabi_attribute 18, 4
  15              		.file	"app_azure_rtos.c"
  16              		.text
  17              	.Ltext0:
  18              		.cfi_sections	.debug_frame
  19              		.file 1 "AZURE_RTOS/App/app_azure_rtos.c"
  20              		.section	.rodata.tx_application_define.str1.4,"aMS",%progbits,1
  21              		.align	2
  22              	.LC0:
  23 0000 54782041 		.ascii	"Tx App memory pool\000"
  23      7070206D 
  23      656D6F72 
  23      7920706F 
  23      6F6C00
  24              		.section	.text.tx_application_define,"ax",%progbits
  25              		.align	1
  26              		.global	tx_application_define
  27              		.syntax unified
  28              		.thumb
  29              		.thumb_func
  31              	tx_application_define:
  32              	.LVL0:
  33              	.LFB142:
   1:AZURE_RTOS/App/app_azure_rtos.c **** #include "app_azure_rtos.h"
   2:AZURE_RTOS/App/app_azure_rtos.c **** #include "tx_api.h"
   3:AZURE_RTOS/App/app_azure_rtos.c **** 
   4:AZURE_RTOS/App/app_azure_rtos.c **** static UCHAR tx_byte_pool_buffer[TX_APP_MEM_POOL_SIZE];
   5:AZURE_RTOS/App/app_azure_rtos.c **** static TX_BYTE_POOL tx_app_byte_pool;
   6:AZURE_RTOS/App/app_azure_rtos.c **** 
   7:AZURE_RTOS/App/app_azure_rtos.c **** VOID tx_application_define(VOID *first_unused_memory)
   8:AZURE_RTOS/App/app_azure_rtos.c **** {
  34              		.loc 1 8 1 view -0
  35              		.cfi_startproc
  36              		@ args = 0, pretend = 0, frame = 0
  37              		@ frame_needed = 0, uses_anonymous_args = 0
  38              		.loc 1 8 1 is_stmt 0 view .LVU1
  39 0000 00B5     		push	{lr}
  40              	.LCFI0:
  41              		.cfi_def_cfa_offset 4
  42              		.cfi_offset 14, -4
  43 0002 83B0     		sub	sp, sp, #12
  44              	.LCFI1:
  45              		.cfi_def_cfa_offset 16
   9:AZURE_RTOS/App/app_azure_rtos.c ****     tx_byte_pool_create(&tx_app_byte_pool,
ARM GAS  /var/folders/pn/6vkv57yd1x9dxx59v7t3_slc0000gn/T//ccoBoo3n.s 			page 2


  46              		.loc 1 9 5 is_stmt 1 view .LVU2
  47 0004 3423     		movs	r3, #52
  48 0006 0093     		str	r3, [sp]
  49 0008 4FF48063 		mov	r3, #1024
  50 000c 034A     		ldr	r2, .L3
  51 000e 0449     		ldr	r1, .L3+4
  52 0010 0448     		ldr	r0, .L3+8
  53              	.LVL1:
  54              		.loc 1 9 5 is_stmt 0 view .LVU3
  55 0012 FFF7FEFF 		bl	_txe_byte_pool_create
  56              	.LVL2:
  10:AZURE_RTOS/App/app_azure_rtos.c ****                         "Tx App memory pool",
  11:AZURE_RTOS/App/app_azure_rtos.c ****                         tx_byte_pool_buffer,
  12:AZURE_RTOS/App/app_azure_rtos.c ****                         TX_APP_MEM_POOL_SIZE);
  13:AZURE_RTOS/App/app_azure_rtos.c **** }...
  57              		.loc 1 13 1 view .LVU4
  58 0016 03B0     		add	sp, sp, #12
  59              	.LCFI2:
  60              		.cfi_def_cfa_offset 4
  61              		@ sp needed
  62 0018 00BD     		pop	{pc}
  63              	.L4:
  64 001a 00BF     		.align	2
  65              	.L3:
  66 001c 00000000 		.word	tx_byte_pool_buffer
  67 0020 00000000 		.word	.LC0
  68 0024 00000000 		.word	tx_app_byte_pool
  69              		.cfi_endproc
  70              	.LFE142:
  72              		.section	.bss.tx_app_byte_pool,"aw",%nobits
  73              		.align	2
  76              	tx_app_byte_pool:
  77 0000 00000000 		.space	52
  77      00000000 
  77      00000000 
  77      00000000 
  77      00000000 
  78              		.section	.bss.tx_byte_pool_buffer,"aw",%nobits
  79              		.align	2
  82              	tx_byte_pool_buffer:
  83 0000 00000000 		.space	1024
  83      00000000 
  83      00000000 
  83      00000000 
  83      00000000 
  84              		.text
  85              	.Letext0:
  86              		.file 2 "Middlewares/ST/threadx/ports/cortex_m4/gnu/inc/tx_port.h"
  87              		.file 3 "Middlewares/ST/threadx/common/inc/tx_api.h"
ARM GAS  /var/folders/pn/6vkv57yd1x9dxx59v7t3_slc0000gn/T//ccoBoo3n.s 			page 3


DEFINED SYMBOLS
                            *ABS*:00000000 app_azure_rtos.c
/var/folders/pn/6vkv57yd1x9dxx59v7t3_slc0000gn/T//ccoBoo3n.s:21     .rodata.tx_application_define.str1.4:00000000 $d
/var/folders/pn/6vkv57yd1x9dxx59v7t3_slc0000gn/T//ccoBoo3n.s:25     .text.tx_application_define:00000000 $t
/var/folders/pn/6vkv57yd1x9dxx59v7t3_slc0000gn/T//ccoBoo3n.s:31     .text.tx_application_define:00000000 tx_application_define
/var/folders/pn/6vkv57yd1x9dxx59v7t3_slc0000gn/T//ccoBoo3n.s:66     .text.tx_application_define:0000001c $d
/var/folders/pn/6vkv57yd1x9dxx59v7t3_slc0000gn/T//ccoBoo3n.s:82     .bss.tx_byte_pool_buffer:00000000 tx_byte_pool_buffer
/var/folders/pn/6vkv57yd1x9dxx59v7t3_slc0000gn/T//ccoBoo3n.s:76     .bss.tx_app_byte_pool:00000000 tx_app_byte_pool
/var/folders/pn/6vkv57yd1x9dxx59v7t3_slc0000gn/T//ccoBoo3n.s:73     .bss.tx_app_byte_pool:00000000 $d
/var/folders/pn/6vkv57yd1x9dxx59v7t3_slc0000gn/T//ccoBoo3n.s:79     .bss.tx_byte_pool_buffer:00000000 $d

UNDEFINED SYMBOLS
_txe_byte_pool_create
